#
# There is insufficient memory for the Java Runtime Environment to continue.
# Native memory allocation (malloc) failed to allocate 413792 bytes for Chunk::new
# Possible reasons:
#   The system is out of physical RAM or swap space
#   The process is running with CompressedOops enabled, and the Java Heap may be blocking the growth of the native heap
# Possible solutions:
#   Reduce memory load on the system
#   Increase physical memory or swap space
#   Check if swap backing store is full
#   Decrease Java heap size (-Xmx/-Xms)
#   Decrease number of Java threads
#   Decrease Java thread stack sizes (-Xss)
#   Set larger code cache with -XX:ReservedCodeCacheSize=
#   JVM is running with Unscaled Compressed Oops mode in which the Java heap is
#     placed in the first 4GB address space. The Java Heap base address is the
#     maximum limit for the native heap growth. Please use -XX:HeapBaseMinAddress
#     to set the Java Heap base and to place the Java Heap above 4GB virtual address.
# This output file may be truncated or incomplete.
#
#  Out of Memory Error (arena.cpp:168), pid=22480, tid=24048
#
# JRE version: Java(TM) SE Runtime Environment (21.0.1+12) (build 21.0.1+12-LTS-29)
# Java VM: Java HotSpot(TM) 64-Bit Server VM (21.0.1+12-LTS-29, mixed mode, sharing, tiered, compressed oops, compressed class ptrs, g1 gc, windows-amd64)
# No core dump will be written. Minidumps are not enabled by default on client versions of Windows
#

---------------  S U M M A R Y ------------

Command Line: --enable-native-access=ALL-UNNAMED -Dclassworlds.conf=C:\Users\akshi\Downloads\apache-maven-3.9.10-bin\apache-maven-3.9.10\bin\m2.conf -Dmaven.home=C:\Users\akshi\Downloads\apache-maven-3.9.10-bin\apache-maven-3.9.10 -Dlibrary.jansi.path=C:\Users\akshi\Downloads\apache-maven-3.9.10-bin\apache-maven-3.9.10\lib\jansi-native -Dmaven.multiModuleProjectDirectory=C:\Users\akshi\OneDrive\Documents\Antra\Project\fileupload-backend org.codehaus.plexus.classworlds.launcher.Launcher clean package

Host: Intel(R) Core(TM) i5-8250U CPU @ 1.60GHz, 8 cores, 7G,  Windows 11 , 64 bit Build 22621 (10.0.22621.5415)
Time: Thu Jul  3 21:53:48 2025 Eastern Daylight Time elapsed time: 3.136254 seconds (0d 0h 0m 3s)

---------------  T H R E A D  ---------------

Current thread (0x000001f764079e40):  JavaThread "C2 CompilerThread2" daemon [_thread_in_native, id=24048, stack(0x000000cc97600000,0x000000cc97700000) (1024K)]


Current CompileTask:
C2:   3136 4072       4       org.apache.maven.model.interpolation.StringVisitorModelInterpolator$ModelVisitor::visit (117 bytes)

Stack: [0x000000cc97600000,0x000000cc97700000]
Native frames: (J=compiled Java code, j=interpreted, Vv=VM code, C=native code)
V  [jvm.dll+0x6c9029]
V  [jvm.dll+0x854b81]
V  [jvm.dll+0x856e5e]
V  [jvm.dll+0x857543]
V  [jvm.dll+0x280c06]
V  [jvm.dll+0xc3ead]
V  [jvm.dll+0xc43c3]
V  [jvm.dll+0x3b576c]
V  [jvm.dll+0x1e20b9]
V  [jvm.dll+0x249c22]
V  [jvm.dll+0x2490b1]
V  [jvm.dll+0x1c9ca1]
V  [jvm.dll+0x2586b9]
V  [jvm.dll+0x256c9a]
V  [jvm.dll+0x3ef1b6]
V  [jvm.dll+0x7fd728]
V  [jvm.dll+0x6c777d]
C  [ucrtbase.dll+0x29333]
C  [KERNEL32.DLL+0x1259d]
C  [ntdll.dll+0x5af78]


---------------  P R O C E S S  ---------------

Threads class SMR info:
_java_thread_list=0x000001f764a0ca20, length=14, elements={
0x000001f77f733f50, 0x000001f71e21d490, 0x000001f71e21f3c0, 0x000001f71e223300,
0x000001f71e224ea0, 0x000001f71e226270, 0x000001f71e228df0, 0x000001f71e234a70,
0x000001f71e238ce0, 0x000001f71e228760, 0x000001f71e229480, 0x000001f71eaf3670,
0x000001f764079e40, 0x000001f71e2273b0
}

Java Threads: ( => current thread )
  0x000001f77f733f50 JavaThread "main"                              [_thread_in_native, id=15784, stack(0x000000cc96300000,0x000000cc96400000) (1024K)]
  0x000001f71e21d490 JavaThread "Reference Handler"          daemon [_thread_blocked, id=22228, stack(0x000000cc96b00000,0x000000cc96c00000) (1024K)]
  0x000001f71e21f3c0 JavaThread "Finalizer"                  daemon [_thread_blocked, id=24184, stack(0x000000cc96c00000,0x000000cc96d00000) (1024K)]
  0x000001f71e223300 JavaThread "Signal Dispatcher"          daemon [_thread_blocked, id=10892, stack(0x000000cc96d00000,0x000000cc96e00000) (1024K)]
  0x000001f71e224ea0 JavaThread "Attach Listener"            daemon [_thread_blocked, id=23248, stack(0x000000cc96e00000,0x000000cc96f00000) (1024K)]
  0x000001f71e226270 JavaThread "Service Thread"             daemon [_thread_blocked, id=12672, stack(0x000000cc96f00000,0x000000cc97000000) (1024K)]
  0x000001f71e228df0 JavaThread "Monitor Deflation Thread"   daemon [_thread_blocked, id=21804, stack(0x000000cc97000000,0x000000cc97100000) (1024K)]
  0x000001f71e234a70 JavaThread "C2 CompilerThread0"         daemon [_thread_blocked, id=18448, stack(0x000000cc97100000,0x000000cc97200000) (1024K)]
  0x000001f71e238ce0 JavaThread "C1 CompilerThread0"         daemon [_thread_in_vm, id=21780, stack(0x000000cc97200000,0x000000cc97300000) (1024K)]
  0x000001f71e228760 JavaThread "Notification Thread"        daemon [_thread_blocked, id=7660, stack(0x000000cc97300000,0x000000cc97400000) (1024K)]
  0x000001f71e229480 JavaThread "Common-Cleaner"             daemon [_thread_blocked, id=24488, stack(0x000000cc97400000,0x000000cc97500000) (1024K)]
  0x000001f71eaf3670 JavaThread "C2 CompilerThread1"         daemon [_thread_blocked, id=20508, stack(0x000000cc97500000,0x000000cc97600000) (1024K)]
=>0x000001f764079e40 JavaThread "C2 CompilerThread2"         daemon [_thread_in_native, id=24048, stack(0x000000cc97600000,0x000000cc97700000) (1024K)]
  0x000001f71e2273b0 JavaThread "Thread-1"                   daemon [_thread_blocked, id=18428, stack(0x000000cc97e00000,0x000000cc97f00000) (1024K)]
Total: 14

Other Threads:
  0x000001f71e1ff600 VMThread "VM Thread"                           [id=11916, stack(0x000000cc96a00000,0x000000cc96b00000) (1024K)]
  0x000001f71e1e8290 WatcherThread "VM Periodic Task Thread"        [id=22324, stack(0x000000cc96900000,0x000000cc96a00000) (1024K)]
  0x000001f77fce16d0 WorkerThread "GC Thread#0"                     [id=18604, stack(0x000000cc96400000,0x000000cc96500000) (1024K)]
  0x000001f764311220 WorkerThread "GC Thread#1"                     [id=22260, stack(0x000000cc97700000,0x000000cc97800000) (1024K)]
  0x000001f7643115c0 WorkerThread "GC Thread#2"                     [id=10868, stack(0x000000cc97800000,0x000000cc97900000) (1024K)]
  0x000001f7641d2b70 WorkerThread "GC Thread#3"                     [id=24552, stack(0x000000cc97900000,0x000000cc97a00000) (1024K)]
  0x000001f71ef8dee0 WorkerThread "GC Thread#4"                     [id=12508, stack(0x000000cc97a00000,0x000000cc97b00000) (1024K)]
  0x000001f71ef8e280 WorkerThread "GC Thread#5"                     [id=10368, stack(0x000000cc97b00000,0x000000cc97c00000) (1024K)]
  0x000001f76452a210 WorkerThread "GC Thread#6"                     [id=12444, stack(0x000000cc97c00000,0x000000cc97d00000) (1024K)]
  0x000001f764145b30 WorkerThread "GC Thread#7"                     [id=23960, stack(0x000000cc97d00000,0x000000cc97e00000) (1024K)]
  0x000001f77fcf2c00 ConcurrentGCThread "G1 Main Marker"            [id=15108, stack(0x000000cc96500000,0x000000cc96600000) (1024K)]
  0x000001f77fcf3710 WorkerThread "G1 Conc#0"                       [id=19924, stack(0x000000cc96600000,0x000000cc96700000) (1024K)]
  0x000001f77fd4e740 ConcurrentGCThread "G1 Refine#0"               [id=10760, stack(0x000000cc96700000,0x000000cc96800000) (1024K)]
  0x000001f71e0ad480 ConcurrentGCThread "G1 Service"                [id=23836, stack(0x000000cc96800000,0x000000cc96900000) (1024K)]
Total: 14

Threads with active compile tasks:
C1 CompilerThread0     3185 4132       3       java.util.stream.Collectors::collectingAndThen (95 bytes)
C2 CompilerThread2     3185 4072       4       org.apache.maven.model.interpolation.StringVisitorModelInterpolator$ModelVisitor::visit (117 bytes)
Total: 2

VM state: not at safepoint (normal execution)

VM Mutex/Monitor currently owned by a thread:  ([mutex/lock_event])
[0x00007ff85cc19178] MethodCompileQueue_lock - owner thread: 0x0000000000000000

Heap address: 0x0000000081600000, size: 2026 MB, Compressed Oops mode: 32-bit

CDS archive(s) mapped at: [0x000001f71f000000-0x000001f71fc90000-0x000001f71fc90000), size 13172736, SharedBaseAddress: 0x000001f71f000000, ArchiveRelocationMode: 1.
Compressed class space mapped at: 0x000001f720000000-0x000001f760000000, reserved size: 1073741824
Narrow klass base: 0x000001f71f000000, Narrow klass shift: 0, Narrow klass range: 0x100000000

GC Precious Log:
 CardTable entry size: 512
 Card Set container configuration: InlinePtr #cards 5 size 8 Array Of Cards #cards 12 size 40 Howl #buckets 4 coarsen threshold 1843 Howl Bitmap #cards 512 size 80 coarsen threshold 460 Card regions per heap region 1 cards per card region 2048
 CPUs: 8 total, 8 available
 Memory: 8101M
 Large Page Support: Disabled
 NUMA Support: Disabled
 Compressed Oops: Enabled (32-bit)
 Heap Region Size: 1M
 Heap Min Capacity: 8M
 Heap Initial Capacity: 128M
 Heap Max Capacity: 2026M
 Pre-touch: Disabled
 Parallel Workers: 8
 Concurrent Workers: 2
 Concurrent Refinement Workers: 8
 Periodic GC: Disabled

Heap:
 garbage-first heap   total 131072K, used 27176K [0x0000000081600000, 0x0000000100000000)
  region size 1024K, 24 young (24576K), 10 survivors (10240K)
 Metaspace       used 16035K, committed 16320K, reserved 1114112K
  class space    used 1865K, committed 1984K, reserved 1048576K

Heap Regions: E=young(eden), S=young(survivor), O=old, HS=humongous(starts), HC=humongous(continues), CS=collection set, F=free, TAMS=top-at-mark-start, PB=parsable bottom
|   0|0x0000000081600000, 0x0000000081700000, 0x0000000081700000|100%| O|  |TAMS 0x0000000081600000| PB 0x0000000081600000| Untracked 
|   1|0x0000000081700000, 0x0000000081800000, 0x0000000081800000|100%| O|  |TAMS 0x0000000081700000| PB 0x0000000081700000| Untracked 
|   2|0x0000000081800000, 0x0000000081900000, 0x0000000081900000|100%| O|  |TAMS 0x0000000081800000| PB 0x0000000081800000| Untracked 
|   3|0x0000000081900000, 0x0000000081995780, 0x0000000081a00000| 58%| O|  |TAMS 0x0000000081900000| PB 0x0000000081900000| Untracked 
|   4|0x0000000081a00000, 0x0000000081a00000, 0x0000000081b00000|  0%| F|  |TAMS 0x0000000081a00000| PB 0x0000000081a00000| Untracked 
|   5|0x0000000081b00000, 0x0000000081b00000, 0x0000000081c00000|  0%| F|  |TAMS 0x0000000081b00000| PB 0x0000000081b00000| Untracked 
|   6|0x0000000081c00000, 0x0000000081c00000, 0x0000000081d00000|  0%| F|  |TAMS 0x0000000081c00000| PB 0x0000000081c00000| Untracked 
|   7|0x0000000081d00000, 0x0000000081d00000, 0x0000000081e00000|  0%| F|  |TAMS 0x0000000081d00000| PB 0x0000000081d00000| Untracked 
|   8|0x0000000081e00000, 0x0000000081e00000, 0x0000000081f00000|  0%| F|  |TAMS 0x0000000081e00000| PB 0x0000000081e00000| Untracked 
|   9|0x0000000081f00000, 0x0000000081f00000, 0x0000000082000000|  0%| F|  |TAMS 0x0000000081f00000| PB 0x0000000081f00000| Untracked 
|  10|0x0000000082000000, 0x0000000082000000, 0x0000000082100000|  0%| F|  |TAMS 0x0000000082000000| PB 0x0000000082000000| Untracked 
|  11|0x0000000082100000, 0x0000000082100000, 0x0000000082200000|  0%| F|  |TAMS 0x0000000082100000| PB 0x0000000082100000| Untracked 
|  12|0x0000000082200000, 0x0000000082200000, 0x0000000082300000|  0%| F|  |TAMS 0x0000000082200000| PB 0x0000000082200000| Untracked 
|  13|0x0000000082300000, 0x0000000082300000, 0x0000000082400000|  0%| F|  |TAMS 0x0000000082300000| PB 0x0000000082300000| Untracked 
|  14|0x0000000082400000, 0x0000000082400000, 0x0000000082500000|  0%| F|  |TAMS 0x0000000082400000| PB 0x0000000082400000| Untracked 
|  15|0x0000000082500000, 0x0000000082500000, 0x0000000082600000|  0%| F|  |TAMS 0x0000000082500000| PB 0x0000000082500000| Untracked 
|  16|0x0000000082600000, 0x0000000082600000, 0x0000000082700000|  0%| F|  |TAMS 0x0000000082600000| PB 0x0000000082600000| Untracked 
|  17|0x0000000082700000, 0x0000000082700000, 0x0000000082800000|  0%| F|  |TAMS 0x0000000082700000| PB 0x0000000082700000| Untracked 
|  18|0x0000000082800000, 0x0000000082800000, 0x0000000082900000|  0%| F|  |TAMS 0x0000000082800000| PB 0x0000000082800000| Untracked 
|  19|0x0000000082900000, 0x0000000082900000, 0x0000000082a00000|  0%| F|  |TAMS 0x0000000082900000| PB 0x0000000082900000| Untracked 
|  20|0x0000000082a00000, 0x0000000082a00000, 0x0000000082b00000|  0%| F|  |TAMS 0x0000000082a00000| PB 0x0000000082a00000| Untracked 
|  21|0x0000000082b00000, 0x0000000082b00000, 0x0000000082c00000|  0%| F|  |TAMS 0x0000000082b00000| PB 0x0000000082b00000| Untracked 
|  22|0x0000000082c00000, 0x0000000082c00000, 0x0000000082d00000|  0%| F|  |TAMS 0x0000000082c00000| PB 0x0000000082c00000| Untracked 
|  23|0x0000000082d00000, 0x0000000082d00000, 0x0000000082e00000|  0%| F|  |TAMS 0x0000000082d00000| PB 0x0000000082d00000| Untracked 
|  24|0x0000000082e00000, 0x0000000082e00000, 0x0000000082f00000|  0%| F|  |TAMS 0x0000000082e00000| PB 0x0000000082e00000| Untracked 
|  25|0x0000000082f00000, 0x0000000082f00000, 0x0000000083000000|  0%| F|  |TAMS 0x0000000082f00000| PB 0x0000000082f00000| Untracked 
|  26|0x0000000083000000, 0x0000000083000000, 0x0000000083100000|  0%| F|  |TAMS 0x0000000083000000| PB 0x0000000083000000| Untracked 
|  27|0x0000000083100000, 0x0000000083100000, 0x0000000083200000|  0%| F|  |TAMS 0x0000000083100000| PB 0x0000000083100000| Untracked 
|  28|0x0000000083200000, 0x0000000083200000, 0x0000000083300000|  0%| F|  |TAMS 0x0000000083200000| PB 0x0000000083200000| Untracked 
|  29|0x0000000083300000, 0x0000000083300000, 0x0000000083400000|  0%| F|  |TAMS 0x0000000083300000| PB 0x0000000083300000| Untracked 
|  30|0x0000000083400000, 0x0000000083400000, 0x0000000083500000|  0%| F|  |TAMS 0x0000000083400000| PB 0x0000000083400000| Untracked 
|  31|0x0000000083500000, 0x0000000083500000, 0x0000000083600000|  0%| F|  |TAMS 0x0000000083500000| PB 0x0000000083500000| Untracked 
|  32|0x0000000083600000, 0x0000000083600000, 0x0000000083700000|  0%| F|  |TAMS 0x0000000083600000| PB 0x0000000083600000| Untracked 
|  33|0x0000000083700000, 0x0000000083700000, 0x0000000083800000|  0%| F|  |TAMS 0x0000000083700000| PB 0x0000000083700000| Untracked 
|  34|0x0000000083800000, 0x0000000083800000, 0x0000000083900000|  0%| F|  |TAMS 0x0000000083800000| PB 0x0000000083800000| Untracked 
|  35|0x0000000083900000, 0x0000000083900000, 0x0000000083a00000|  0%| F|  |TAMS 0x0000000083900000| PB 0x0000000083900000| Untracked 
|  36|0x0000000083a00000, 0x0000000083a00000, 0x0000000083b00000|  0%| F|  |TAMS 0x0000000083a00000| PB 0x0000000083a00000| Untracked 
|  37|0x0000000083b00000, 0x0000000083b00000, 0x0000000083c00000|  0%| F|  |TAMS 0x0000000083b00000| PB 0x0000000083b00000| Untracked 
|  38|0x0000000083c00000, 0x0000000083c00000, 0x0000000083d00000|  0%| F|  |TAMS 0x0000000083c00000| PB 0x0000000083c00000| Untracked 
|  39|0x0000000083d00000, 0x0000000083d00000, 0x0000000083e00000|  0%| F|  |TAMS 0x0000000083d00000| PB 0x0000000083d00000| Untracked 
|  40|0x0000000083e00000, 0x0000000083e00000, 0x0000000083f00000|  0%| F|  |TAMS 0x0000000083e00000| PB 0x0000000083e00000| Untracked 
|  41|0x0000000083f00000, 0x0000000083f00000, 0x0000000084000000|  0%| F|  |TAMS 0x0000000083f00000| PB 0x0000000083f00000| Untracked 
|  42|0x0000000084000000, 0x00000000840f4b40, 0x0000000084100000| 95%| S|CS|TAMS 0x0000000084000000| PB 0x0000000084000000| Complete 
|  43|0x0000000084100000, 0x0000000084200000, 0x0000000084200000|100%| S|CS|TAMS 0x0000000084100000| PB 0x0000000084100000| Complete 
|  44|0x0000000084200000, 0x0000000084300000, 0x0000000084300000|100%| S|CS|TAMS 0x0000000084200000| PB 0x0000000084200000| Complete 
|  45|0x0000000084300000, 0x0000000084400000, 0x0000000084400000|100%| S|CS|TAMS 0x0000000084300000| PB 0x0000000084300000| Complete 
|  46|0x0000000084400000, 0x0000000084500000, 0x0000000084500000|100%| S|CS|TAMS 0x0000000084400000| PB 0x0000000084400000| Complete 
|  47|0x0000000084500000, 0x0000000084600000, 0x0000000084600000|100%| S|CS|TAMS 0x0000000084500000| PB 0x0000000084500000| Complete 
|  48|0x0000000084600000, 0x0000000084700000, 0x0000000084700000|100%| S|CS|TAMS 0x0000000084600000| PB 0x0000000084600000| Complete 
|  49|0x0000000084700000, 0x0000000084800000, 0x0000000084800000|100%| S|CS|TAMS 0x0000000084700000| PB 0x0000000084700000| Complete 
|  50|0x0000000084800000, 0x0000000084900000, 0x0000000084900000|100%| S|CS|TAMS 0x0000000084800000| PB 0x0000000084800000| Complete 
|  51|0x0000000084900000, 0x0000000084a00000, 0x0000000084a00000|100%| S|CS|TAMS 0x0000000084900000| PB 0x0000000084900000| Complete 
|  52|0x0000000084a00000, 0x0000000084a00000, 0x0000000084b00000|  0%| F|  |TAMS 0x0000000084a00000| PB 0x0000000084a00000| Untracked 
|  53|0x0000000084b00000, 0x0000000084b00000, 0x0000000084c00000|  0%| F|  |TAMS 0x0000000084b00000| PB 0x0000000084b00000| Untracked 
|  54|0x0000000084c00000, 0x0000000084c00000, 0x0000000084d00000|  0%| F|  |TAMS 0x0000000084c00000| PB 0x0000000084c00000| Untracked 
|  55|0x0000000084d00000, 0x0000000084d00000, 0x0000000084e00000|  0%| F|  |TAMS 0x0000000084d00000| PB 0x0000000084d00000| Untracked 
|  56|0x0000000084e00000, 0x0000000084e00000, 0x0000000084f00000|  0%| F|  |TAMS 0x0000000084e00000| PB 0x0000000084e00000| Untracked 
|  57|0x0000000084f00000, 0x0000000084f00000, 0x0000000085000000|  0%| F|  |TAMS 0x0000000084f00000| PB 0x0000000084f00000| Untracked 
|  58|0x0000000085000000, 0x0000000085000000, 0x0000000085100000|  0%| F|  |TAMS 0x0000000085000000| PB 0x0000000085000000| Untracked 
|  59|0x0000000085100000, 0x0000000085100000, 0x0000000085200000|  0%| F|  |TAMS 0x0000000085100000| PB 0x0000000085100000| Untracked 
|  60|0x0000000085200000, 0x0000000085200000, 0x0000000085300000|  0%| F|  |TAMS 0x0000000085200000| PB 0x0000000085200000| Untracked 
|  61|0x0000000085300000, 0x0000000085300000, 0x0000000085400000|  0%| F|  |TAMS 0x0000000085300000| PB 0x0000000085300000| Untracked 
|  62|0x0000000085400000, 0x0000000085400000, 0x0000000085500000|  0%| F|  |TAMS 0x0000000085400000| PB 0x0000000085400000| Untracked 
|  63|0x0000000085500000, 0x0000000085500000, 0x0000000085600000|  0%| F|  |TAMS 0x0000000085500000| PB 0x0000000085500000| Untracked 
|  64|0x0000000085600000, 0x0000000085600000, 0x0000000085700000|  0%| F|  |TAMS 0x0000000085600000| PB 0x0000000085600000| Untracked 
|  65|0x0000000085700000, 0x0000000085700000, 0x0000000085800000|  0%| F|  |TAMS 0x0000000085700000| PB 0x0000000085700000| Untracked 
|  66|0x0000000085800000, 0x0000000085800000, 0x0000000085900000|  0%| F|  |TAMS 0x0000000085800000| PB 0x0000000085800000| Untracked 
|  67|0x0000000085900000, 0x0000000085900000, 0x0000000085a00000|  0%| F|  |TAMS 0x0000000085900000| PB 0x0000000085900000| Untracked 
|  68|0x0000000085a00000, 0x0000000085a00000, 0x0000000085b00000|  0%| F|  |TAMS 0x0000000085a00000| PB 0x0000000085a00000| Untracked 
|  69|0x0000000085b00000, 0x0000000085b00000, 0x0000000085c00000|  0%| F|  |TAMS 0x0000000085b00000| PB 0x0000000085b00000| Untracked 
|  70|0x0000000085c00000, 0x0000000085c00000, 0x0000000085d00000|  0%| F|  |TAMS 0x0000000085c00000| PB 0x0000000085c00000| Untracked 
|  71|0x0000000085d00000, 0x0000000085d00000, 0x0000000085e00000|  0%| F|  |TAMS 0x0000000085d00000| PB 0x0000000085d00000| Untracked 
|  72|0x0000000085e00000, 0x0000000085e00000, 0x0000000085f00000|  0%| F|  |TAMS 0x0000000085e00000| PB 0x0000000085e00000| Untracked 
|  73|0x0000000085f00000, 0x0000000085f00000, 0x0000000086000000|  0%| F|  |TAMS 0x0000000085f00000| PB 0x0000000085f00000| Untracked 
|  74|0x0000000086000000, 0x0000000086000000, 0x0000000086100000|  0%| F|  |TAMS 0x0000000086000000| PB 0x0000000086000000| Untracked 
|  75|0x0000000086100000, 0x0000000086100000, 0x0000000086200000|  0%| F|  |TAMS 0x0000000086100000| PB 0x0000000086100000| Untracked 
|  76|0x0000000086200000, 0x0000000086200000, 0x0000000086300000|  0%| F|  |TAMS 0x0000000086200000| PB 0x0000000086200000| Untracked 
|  77|0x0000000086300000, 0x0000000086300000, 0x0000000086400000|  0%| F|  |TAMS 0x0000000086300000| PB 0x0000000086300000| Untracked 
|  78|0x0000000086400000, 0x0000000086400000, 0x0000000086500000|  0%| F|  |TAMS 0x0000000086400000| PB 0x0000000086400000| Untracked 
|  79|0x0000000086500000, 0x0000000086500000, 0x0000000086600000|  0%| F|  |TAMS 0x0000000086500000| PB 0x0000000086500000| Untracked 
|  80|0x0000000086600000, 0x0000000086600000, 0x0000000086700000|  0%| F|  |TAMS 0x0000000086600000| PB 0x0000000086600000| Untracked 
|  81|0x0000000086700000, 0x0000000086700000, 0x0000000086800000|  0%| F|  |TAMS 0x0000000086700000| PB 0x0000000086700000| Untracked 
|  82|0x0000000086800000, 0x0000000086800000, 0x0000000086900000|  0%| F|  |TAMS 0x0000000086800000| PB 0x0000000086800000| Untracked 
|  83|0x0000000086900000, 0x0000000086900000, 0x0000000086a00000|  0%| F|  |TAMS 0x0000000086900000| PB 0x0000000086900000| Untracked 
|  84|0x0000000086a00000, 0x0000000086a00000, 0x0000000086b00000|  0%| F|  |TAMS 0x0000000086a00000| PB 0x0000000086a00000| Untracked 
|  85|0x0000000086b00000, 0x0000000086b00000, 0x0000000086c00000|  0%| F|  |TAMS 0x0000000086b00000| PB 0x0000000086b00000| Untracked 
|  86|0x0000000086c00000, 0x0000000086c00000, 0x0000000086d00000|  0%| F|  |TAMS 0x0000000086c00000| PB 0x0000000086c00000| Untracked 
|  87|0x0000000086d00000, 0x0000000086d00000, 0x0000000086e00000|  0%| F|  |TAMS 0x0000000086d00000| PB 0x0000000086d00000| Untracked 
|  88|0x0000000086e00000, 0x0000000086e00000, 0x0000000086f00000|  0%| F|  |TAMS 0x0000000086e00000| PB 0x0000000086e00000| Untracked 
|  89|0x0000000086f00000, 0x0000000086f00000, 0x0000000087000000|  0%| F|  |TAMS 0x0000000086f00000| PB 0x0000000086f00000| Untracked 
|  90|0x0000000087000000, 0x0000000087000000, 0x0000000087100000|  0%| F|  |TAMS 0x0000000087000000| PB 0x0000000087000000| Untracked 
|  91|0x0000000087100000, 0x0000000087100000, 0x0000000087200000|  0%| F|  |TAMS 0x0000000087100000| PB 0x0000000087100000| Untracked 
|  92|0x0000000087200000, 0x0000000087200000, 0x0000000087300000|  0%| F|  |TAMS 0x0000000087200000| PB 0x0000000087200000| Untracked 
|  93|0x0000000087300000, 0x0000000087300000, 0x0000000087400000|  0%| F|  |TAMS 0x0000000087300000| PB 0x0000000087300000| Untracked 
|  94|0x0000000087400000, 0x0000000087400000, 0x0000000087500000|  0%| F|  |TAMS 0x0000000087400000| PB 0x0000000087400000| Untracked 
|  95|0x0000000087500000, 0x0000000087500000, 0x0000000087600000|  0%| F|  |TAMS 0x0000000087500000| PB 0x0000000087500000| Untracked 
|  96|0x0000000087600000, 0x0000000087600000, 0x0000000087700000|  0%| F|  |TAMS 0x0000000087600000| PB 0x0000000087600000| Untracked 
|  97|0x0000000087700000, 0x0000000087700000, 0x0000000087800000|  0%| F|  |TAMS 0x0000000087700000| PB 0x0000000087700000| Untracked 
|  98|0x0000000087800000, 0x0000000087800000, 0x0000000087900000|  0%| F|  |TAMS 0x0000000087800000| PB 0x0000000087800000| Untracked 
|  99|0x0000000087900000, 0x0000000087900000, 0x0000000087a00000|  0%| F|  |TAMS 0x0000000087900000| PB 0x0000000087900000| Untracked 
| 100|0x0000000087a00000, 0x0000000087a00000, 0x0000000087b00000|  0%| F|  |TAMS 0x0000000087a00000| PB 0x0000000087a00000| Untracked 
| 101|0x0000000087b00000, 0x0000000087b00000, 0x0000000087c00000|  0%| F|  |TAMS 0x0000000087b00000| PB 0x0000000087b00000| Untracked 
| 102|0x0000000087c00000, 0x0000000087c00000, 0x0000000087d00000|  0%| F|  |TAMS 0x0000000087c00000| PB 0x0000000087c00000| Untracked 
| 103|0x0000000087d00000, 0x0000000087d00000, 0x0000000087e00000|  0%| F|  |TAMS 0x0000000087d00000| PB 0x0000000087d00000| Untracked 
| 104|0x0000000087e00000, 0x0000000087e00000, 0x0000000087f00000|  0%| F|  |TAMS 0x0000000087e00000| PB 0x0000000087e00000| Untracked 
| 105|0x0000000087f00000, 0x0000000087f00000, 0x0000000088000000|  0%| F|  |TAMS 0x0000000087f00000| PB 0x0000000087f00000| Untracked 
| 106|0x0000000088000000, 0x0000000088000000, 0x0000000088100000|  0%| F|  |TAMS 0x0000000088000000| PB 0x0000000088000000| Untracked 
| 107|0x0000000088100000, 0x0000000088100000, 0x0000000088200000|  0%| F|  |TAMS 0x0000000088100000| PB 0x0000000088100000| Untracked 
| 108|0x0000000088200000, 0x0000000088200000, 0x0000000088300000|  0%| F|  |TAMS 0x0000000088200000| PB 0x0000000088200000| Untracked 
| 109|0x0000000088300000, 0x0000000088300000, 0x0000000088400000|  0%| F|  |TAMS 0x0000000088300000| PB 0x0000000088300000| Untracked 
| 110|0x0000000088400000, 0x0000000088400000, 0x0000000088500000|  0%| F|  |TAMS 0x0000000088400000| PB 0x0000000088400000| Untracked 
| 111|0x0000000088500000, 0x0000000088500000, 0x0000000088600000|  0%| F|  |TAMS 0x0000000088500000| PB 0x0000000088500000| Untracked 
| 112|0x0000000088600000, 0x0000000088600000, 0x0000000088700000|  0%| F|  |TAMS 0x0000000088600000| PB 0x0000000088600000| Untracked 
| 113|0x0000000088700000, 0x0000000088700000, 0x0000000088800000|  0%| F|  |TAMS 0x0000000088700000| PB 0x0000000088700000| Untracked 
| 114|0x0000000088800000, 0x0000000088880800, 0x0000000088900000| 50%| E|  |TAMS 0x0000000088800000| PB 0x0000000088800000| Complete 
| 115|0x0000000088900000, 0x0000000088a00000, 0x0000000088a00000|100%| E|CS|TAMS 0x0000000088900000| PB 0x0000000088900000| Complete 
| 116|0x0000000088a00000, 0x0000000088b00000, 0x0000000088b00000|100%| E|CS|TAMS 0x0000000088a00000| PB 0x0000000088a00000| Complete 
| 117|0x0000000088b00000, 0x0000000088c00000, 0x0000000088c00000|100%| E|CS|TAMS 0x0000000088b00000| PB 0x0000000088b00000| Complete 
| 118|0x0000000088c00000, 0x0000000088d00000, 0x0000000088d00000|100%| E|CS|TAMS 0x0000000088c00000| PB 0x0000000088c00000| Complete 
| 119|0x0000000088d00000, 0x0000000088e00000, 0x0000000088e00000|100%| E|CS|TAMS 0x0000000088d00000| PB 0x0000000088d00000| Complete 
| 120|0x0000000088e00000, 0x0000000088f00000, 0x0000000088f00000|100%| E|CS|TAMS 0x0000000088e00000| PB 0x0000000088e00000| Complete 
| 121|0x0000000088f00000, 0x0000000089000000, 0x0000000089000000|100%| E|CS|TAMS 0x0000000088f00000| PB 0x0000000088f00000| Complete 
| 122|0x0000000089000000, 0x0000000089100000, 0x0000000089100000|100%| E|CS|TAMS 0x0000000089000000| PB 0x0000000089000000| Complete 
| 123|0x0000000089100000, 0x0000000089200000, 0x0000000089200000|100%| E|CS|TAMS 0x0000000089100000| PB 0x0000000089100000| Complete 
| 124|0x0000000089200000, 0x0000000089300000, 0x0000000089300000|100%| E|CS|TAMS 0x0000000089200000| PB 0x0000000089200000| Complete 
| 125|0x0000000089300000, 0x0000000089400000, 0x0000000089400000|100%| E|CS|TAMS 0x0000000089300000| PB 0x0000000089300000| Complete 
| 126|0x0000000089400000, 0x0000000089500000, 0x0000000089500000|100%| E|CS|TAMS 0x0000000089400000| PB 0x0000000089400000| Complete 
| 127|0x0000000089500000, 0x0000000089600000, 0x0000000089600000|100%| E|CS|TAMS 0x0000000089500000| PB 0x0000000089500000| Complete 

Card table byte_map: [0x000001f719440000,0x000001f719840000] _byte_map_base: 0x000001f719035000

Marking Bits: (CMBitMap*) 0x000001f77fce25e0
 Bits: [0x000001f719840000, 0x000001f71b7e8000)

Polling page: 0x000001f77fd50000

Metaspace:

Usage:
  Non-class:     13.84 MB used.
      Class:      1.82 MB used.
       Both:     15.66 MB used.

Virtual space:
  Non-class space:       64.00 MB reserved,      14.00 MB ( 22%) committed,  1 nodes.
      Class space:        1.00 GB reserved,       1.94 MB ( <1%) committed,  1 nodes.
             Both:        1.06 GB reserved,      15.94 MB (  1%) committed. 

Chunk freelists:
   Non-Class:  1.72 MB
       Class:  13.92 MB
        Both:  15.64 MB

MaxMetaspaceSize: unlimited
CompressedClassSpaceSize: 1.00 GB
Initial GC threshold: 21.00 MB
Current GC threshold: 21.00 MB
CDS: on
 - commit_granule_bytes: 65536.
 - commit_granule_words: 8192.
 - virtual_space_node_default_size: 8388608.
 - enlarge_chunks_in_place: 1.
 - use_allocation_guard: 0.


Internal statistics:

num_allocs_failed_limit: 0.
num_arena_births: 178.
num_arena_deaths: 0.
num_vsnodes_births: 2.
num_vsnodes_deaths: 0.
num_space_committed: 255.
num_space_uncommitted: 0.
num_chunks_returned_to_freelist: 0.
num_chunks_taken_from_freelist: 703.
num_chunk_merges: 0.
num_chunk_splits: 487.
num_chunks_enlarged: 408.
num_inconsistent_stats: 0.

CodeHeap 'non-profiled nmethods': size=120000Kb used=2180Kb max_used=2180Kb free=117819Kb
 bounds [0x000001f711270000, 0x000001f7114e0000, 0x000001f7187a0000]
CodeHeap 'profiled nmethods': size=120000Kb used=8365Kb max_used=8365Kb free=111634Kb
 bounds [0x000001f7097a0000, 0x000001f709fd0000, 0x000001f710cd0000]
CodeHeap 'non-nmethods': size=5760Kb used=1396Kb max_used=1471Kb free=4363Kb
 bounds [0x000001f710cd0000, 0x000001f710f40000, 0x000001f711270000]
 total_blobs=4631 nmethods=4139 adapters=396
 compilation: enabled
              stopped_count=0, restarted_count=0
 full_count=0

Compilation events (20 events):
Event: 3.117 Thread 0x000001f71e238ce0 nmethod 4083 0x000001f711478510 code [0x000001f7114786a0, 0x000001f711478770]
Event: 3.117 Thread 0x000001f71e238ce0 4086       3       org.apache.maven.model.building.DefaultModelProblemCollector::<init> (77 bytes)
Event: 3.117 Thread 0x000001f71e238ce0 nmethod 4086 0x000001f709fa6190 code [0x000001f709fa63e0, 0x000001f709fa6cd8]
Event: 3.118 Thread 0x000001f71e238ce0 4087       3       org.apache.maven.model.management.DefaultPluginManagementInjector$ManagementModelMerger::mergePlugin_Executions (208 bytes)
Event: 3.118 Thread 0x000001f71eaf3670 nmethod 4080 0x000001f711478810 code [0x000001f7114789a0, 0x000001f711478bc8]
Event: 3.119 Thread 0x000001f71e238ce0 nmethod 4087 0x000001f709fa6f90 code [0x000001f709fa73a0, 0x000001f709fa91c0]
Event: 3.119 Thread 0x000001f71e238ce0 4085       1       org.apache.maven.model.building.DefaultModelBuildingRequest::isTwoPhaseBuilding (5 bytes)
Event: 3.119 Thread 0x000001f71e238ce0 nmethod 4085 0x000001f711478d10 code [0x000001f711478ea0, 0x000001f711478f70]
Event: 3.119 Thread 0x000001f71e238ce0 4088       1       org.apache.maven.model.building.DefaultModelBuildingRequest::getModelBuildingListener (5 bytes)
Event: 3.119 Thread 0x000001f71e238ce0 nmethod 4088 0x000001f711479010 code [0x000001f7114791a0, 0x000001f711479268]
Event: 3.123 Thread 0x000001f71e238ce0 4089       3       org.apache.maven.model.building.DefaultModelBuilder$1Interpolation::<init> (26 bytes)
Event: 3.123 Thread 0x000001f71e238ce0 nmethod 4089 0x000001f709fa9b10 code [0x000001f709fa9cc0, 0x000001f709fa9fa0]
Event: 3.123 Thread 0x000001f71e238ce0 4090   !   3       org.codehaus.plexus.interpolation.RegexBasedInterpolator::interpolate (240 bytes)
Event: 3.124 Thread 0x000001f71e238ce0 nmethod 4090 0x000001f709faa090 code [0x000001f709faa4c0, 0x000001f709fabe68]
Event: 3.124 Thread 0x000001f71e238ce0 4091       3       org.apache.maven.model.merge.ModelMerger::mergeModelBase (73 bytes)
Event: 3.124 Thread 0x000001f71e238ce0 nmethod 4091 0x000001f709fac890 code [0x000001f709facac0, 0x000001f709fad288]
Event: 3.124 Thread 0x000001f71e238ce0 4092       3       org.apache.maven.model.merge.ModelMerger::mergeModelBase_DistributionManagement (49 bytes)
Event: 3.124 Thread 0x000001f71e238ce0 nmethod 4092 0x000001f709fad410 code [0x000001f709fad5e0, 0x000001f709fadb88]
Event: 3.125 Thread 0x000001f71eaf3670 4093       4       java.util.HashMap$Node::hashCode (16 bytes)
Event: 3.126 Thread 0x000001f71eaf3670 nmethod 4093 0x000001f711479310 code [0x000001f7114794a0, 0x000001f711479668]

GC Heap History (6 events):
Event: 0.775 GC heap before
{Heap before GC invocations=0 (full 0):
 garbage-first heap   total 131072K, used 22528K [0x0000000081600000, 0x0000000100000000)
  region size 1024K, 23 young (23552K), 0 survivors (0K)
 Metaspace       used 5611K, committed 5824K, reserved 1114112K
  class space    used 662K, committed 768K, reserved 1048576K
}
Event: 0.784 GC heap after
{Heap after GC invocations=1 (full 0):
 garbage-first heap   total 131072K, used 3694K [0x0000000081600000, 0x0000000100000000)
  region size 1024K, 3 young (3072K), 3 survivors (3072K)
 Metaspace       used 5611K, committed 5824K, reserved 1114112K
  class space    used 662K, committed 768K, reserved 1048576K
}
Event: 1.355 GC heap before
{Heap before GC invocations=1 (full 0):
 garbage-first heap   total 131072K, used 35438K [0x0000000081600000, 0x0000000100000000)
  region size 1024K, 34 young (34816K), 3 survivors (3072K)
 Metaspace       used 9927K, committed 10112K, reserved 1114112K
  class space    used 1189K, committed 1280K, reserved 1048576K
}
Event: 1.360 GC heap after
{Heap after GC invocations=2 (full 0):
 garbage-first heap   total 131072K, used 5384K [0x0000000081600000, 0x0000000100000000)
  region size 1024K, 2 young (2048K), 2 survivors (2048K)
 Metaspace       used 9927K, committed 10112K, reserved 1114112K
  class space    used 1189K, committed 1280K, reserved 1048576K
}
Event: 2.990 GC heap before
{Heap before GC invocations=2 (full 0):
 garbage-first heap   total 131072K, used 81160K [0x0000000081600000, 0x0000000100000000)
  region size 1024K, 76 young (77824K), 2 survivors (2048K)
 Metaspace       used 15889K, committed 16128K, reserved 1114112K
  class space    used 1862K, committed 1984K, reserved 1048576K
}
Event: 3.001 GC heap after
{Heap after GC invocations=3 (full 0):
 garbage-first heap   total 131072K, used 13864K [0x0000000081600000, 0x0000000100000000)
  region size 1024K, 10 young (10240K), 10 survivors (10240K)
 Metaspace       used 15889K, committed 16128K, reserved 1114112K
  class space    used 1862K, committed 1984K, reserved 1048576K
}

Dll operation events (8 events):
Event: 0.009 Loaded shared library C:\Program Files\Java\jdk-21\bin\java.dll
Event: 0.042 Loaded shared library C:\Program Files\Java\jdk-21\bin\jsvml.dll
Event: 0.061 Loaded shared library C:\Program Files\Java\jdk-21\bin\net.dll
Event: 0.064 Loaded shared library C:\Program Files\Java\jdk-21\bin\nio.dll
Event: 0.068 Loaded shared library C:\Program Files\Java\jdk-21\bin\zip.dll
Event: 0.298 Loaded shared library C:\Program Files\Java\jdk-21\bin\jimage.dll
Event: 0.304 Loaded shared library C:\Users\akshi\Downloads\apache-maven-3.9.10-bin\apache-maven-3.9.10\lib\jansi-native\Windows\x86_64\jansi.dll
Event: 0.322 Loaded shared library C:\Program Files\Java\jdk-21\bin\verify.dll

Deoptimization events (20 events):
Event: 3.022 Thread 0x000001f77f733f50 Uncommon trap: trap_request=0xffffffde fr.pc=0x000001f7112b8270 relative=0x0000000000000e70
Event: 3.022 Thread 0x000001f77f733f50 Uncommon trap: reason=class_check action=maybe_recompile pc=0x000001f7112b8270 method=java.util.concurrent.ConcurrentHashMap.putVal(Ljava/lang/Object;Ljava/lang/Object;Z)Ljava/lang/Object; @ 242 c2
Event: 3.022 Thread 0x000001f77f733f50 DEOPT PACKING pc=0x000001f7112b8270 sp=0x000000cc963fd580
Event: 3.022 Thread 0x000001f77f733f50 DEOPT UNPACKING pc=0x000001f710d246a2 sp=0x000000cc963fd4f0 mode 2
Event: 3.063 Thread 0x000001f77f733f50 Uncommon trap: trap_request=0xffffffde fr.pc=0x000001f7112f4d94 relative=0x0000000000000134
Event: 3.063 Thread 0x000001f77f733f50 Uncommon trap: reason=class_check action=maybe_recompile pc=0x000001f7112f4d94 method=java.nio.charset.CharsetDecoder.decode(Ljava/nio/ByteBuffer;Ljava/nio/CharBuffer;Z)Ljava/nio/charset/CoderResult; @ 57 c2
Event: 3.063 Thread 0x000001f77f733f50 DEOPT PACKING pc=0x000001f7112f4d94 sp=0x000000cc963fc710
Event: 3.063 Thread 0x000001f77f733f50 DEOPT UNPACKING pc=0x000001f710d246a2 sp=0x000000cc963fc688 mode 2
Event: 3.063 Thread 0x000001f77f733f50 Uncommon trap: trap_request=0xffffffde fr.pc=0x000001f7112f4d94 relative=0x0000000000000134
Event: 3.063 Thread 0x000001f77f733f50 Uncommon trap: reason=class_check action=maybe_recompile pc=0x000001f7112f4d94 method=java.nio.charset.CharsetDecoder.decode(Ljava/nio/ByteBuffer;Ljava/nio/CharBuffer;Z)Ljava/nio/charset/CoderResult; @ 57 c2
Event: 3.063 Thread 0x000001f77f733f50 DEOPT PACKING pc=0x000001f7112f4d94 sp=0x000000cc963fc710
Event: 3.063 Thread 0x000001f77f733f50 DEOPT UNPACKING pc=0x000001f710d246a2 sp=0x000000cc963fc688 mode 2
Event: 3.063 Thread 0x000001f77f733f50 Uncommon trap: trap_request=0xffffffde fr.pc=0x000001f7112f4d94 relative=0x0000000000000134
Event: 3.063 Thread 0x000001f77f733f50 Uncommon trap: reason=class_check action=maybe_recompile pc=0x000001f7112f4d94 method=java.nio.charset.CharsetDecoder.decode(Ljava/nio/ByteBuffer;Ljava/nio/CharBuffer;Z)Ljava/nio/charset/CoderResult; @ 57 c2
Event: 3.063 Thread 0x000001f77f733f50 DEOPT PACKING pc=0x000001f7112f4d94 sp=0x000000cc963fc720
Event: 3.063 Thread 0x000001f77f733f50 DEOPT UNPACKING pc=0x000001f710d246a2 sp=0x000000cc963fc698 mode 2
Event: 3.067 Thread 0x000001f77f733f50 Uncommon trap: trap_request=0xffffffde fr.pc=0x000001f7112f4d94 relative=0x0000000000000134
Event: 3.067 Thread 0x000001f77f733f50 Uncommon trap: reason=class_check action=maybe_recompile pc=0x000001f7112f4d94 method=java.nio.charset.CharsetDecoder.decode(Ljava/nio/ByteBuffer;Ljava/nio/CharBuffer;Z)Ljava/nio/charset/CoderResult; @ 57 c2
Event: 3.067 Thread 0x000001f77f733f50 DEOPT PACKING pc=0x000001f7112f4d94 sp=0x000000cc963fc590
Event: 3.067 Thread 0x000001f77f733f50 DEOPT UNPACKING pc=0x000001f710d246a2 sp=0x000000cc963fc508 mode 2

Classes loaded (20 events):
Event: 1.857 Loading class java/util/AbstractMap$2
Event: 1.857 Loading class java/util/AbstractMap$2 done
Event: 1.857 Loading class java/util/AbstractMap$2$1
Event: 1.858 Loading class java/util/AbstractMap$2$1 done
Event: 1.921 Loading class java/util/StringTokenizer
Event: 1.921 Loading class java/util/StringTokenizer done
Event: 1.998 Loading class java/util/stream/Streams$RangeIntSpliterator
Event: 1.999 Loading class java/util/stream/Streams$RangeIntSpliterator done
Event: 2.421 Loading class java/util/stream/MatchOps$MatchKind
Event: 2.421 Loading class java/util/stream/MatchOps$MatchKind done
Event: 2.421 Loading class java/util/stream/MatchOps
Event: 2.421 Loading class java/util/stream/MatchOps done
Event: 2.421 Loading class java/util/stream/MatchOps$MatchOp
Event: 2.422 Loading class java/util/stream/MatchOps$MatchOp done
Event: 2.422 Loading class java/util/stream/MatchOps$BooleanTerminalSink
Event: 2.423 Loading class java/util/stream/MatchOps$BooleanTerminalSink done
Event: 2.423 Loading class java/util/stream/MatchOps$1MatchSink
Event: 2.424 Loading class java/util/stream/MatchOps$1MatchSink done
Event: 3.062 Loading class sun/nio/cs/ISO_8859_1$Decoder
Event: 3.062 Loading class sun/nio/cs/ISO_8859_1$Decoder done

Classes unloaded (0 events):
No events

Classes redefined (0 events):
No events

Internal exceptions (20 events):
Event: 1.432 Thread 0x000001f77f733f50 Exception <a 'java/lang/ExceptionInInitializerError'{0x000000008928a410}> (0x000000008928a410) 
thrown [s\open\src\hotspot\share\oops\instanceKlass.cpp, line 1180]
Event: 1.444 Thread 0x000001f77f733f50 Exception <a 'java/lang/NoSuchMethodError'{0x00000000892f4110}: 'long java.lang.invoke.DirectMethodHandle$Holder.invokeStatic(java.lang.Object, java.lang.Object, int)'> (0x00000000892f4110) 
thrown [s\open\src\hotspot\share\interpreter\linkResolver.cpp, line 773]
Event: 1.446 Thread 0x000001f77f733f50 Exception <a 'java/lang/NoSuchMethodError'{0x0000000089107628}: 'java.lang.Object java.lang.invoke.DirectMethodHandle$Holder.invokeStatic(java.lang.Object, java.lang.Object, java.lang.Object, java.lang.Object, int)'> (0x0000000089107628) 
thrown [s\open\src\hotspot\share\interpreter\linkResolver.cpp, line 773]
Event: 1.446 Thread 0x000001f77f733f50 Exception <a 'java/lang/NoSuchMethodError'{0x000000008910f540}: 'java.lang.Object java.lang.invoke.DirectMethodHandle$Holder.invokeSpecial(java.lang.Object, java.lang.Object, java.lang.Object, java.lang.Object, long)'> (0x000000008910f540) 
thrown [s\open\src\hotspot\share\interpreter\linkResolver.cpp, line 773]
Event: 1.447 Thread 0x000001f77f733f50 Exception <a 'java/lang/NoSuchMethodError'{0x000000008911add8}: 'java.lang.Object java.lang.invoke.DirectMethodHandle$Holder.invokeSpecial(java.lang.Object, java.lang.Object, java.lang.Object, int, java.lang.Object)'> (0x000000008911add8) 
thrown [s\open\src\hotspot\share\interpreter\linkResolver.cpp, line 773]
Event: 1.448 Thread 0x000001f77f733f50 Exception <a 'java/lang/NoSuchMethodError'{0x0000000089122ef8}: 'int java.lang.invoke.DirectMethodHandle$Holder.invokeSpecial(java.lang.Object, java.lang.Object, java.lang.Object, int)'> (0x0000000089122ef8) 
thrown [s\open\src\hotspot\share\interpreter\linkResolver.cpp, line 773]
Event: 1.452 Thread 0x000001f77f733f50 Implicit null exception at 0x000001f7112f7ee0 to 0x000001f7112f80c4
Event: 1.453 Thread 0x000001f77f733f50 Exception <a 'java/lang/NoSuchMethodError'{0x00000000891475a8}: 'java.lang.Object java.lang.invoke.Invokers$Holder.invokeExact_MT(java.lang.Object, int, java.lang.Object)'> (0x00000000891475a8) 
thrown [s\open\src\hotspot\share\interpreter\linkResolver.cpp, line 773]
Event: 1.626 Thread 0x000001f77f733f50 Exception <a 'java/lang/NoSuchMethodError'{0x000000008896c768}: 'void java.lang.invoke.Invokers$Holder.invokeExact_MT(java.lang.Object, java.lang.Object, java.lang.Object, java.lang.Object)'> (0x000000008896c768) 
thrown [s\open\src\hotspot\share\interpreter\linkResolver.cpp, line 773]
Event: 1.643 Thread 0x000001f77f733f50 Exception <a 'java/lang/NoClassDefFoundError'{0x0000000088801988}: com/google/inject/servlet/ServletModuleTargetVisitor> (0x0000000088801988) 
thrown [s\open\src\hotspot\share\classfile\systemDictionary.cpp, line 301]
Event: 1.699 Thread 0x000001f77f733f50 Exception <a 'java/lang/NoSuchMethodError'{0x00000000887bf7b8}: 'void java.lang.invoke.DirectMethodHandle$Holder.invokeVirtual(java.lang.Object, java.lang.Object)'> (0x00000000887bf7b8) 
thrown [s\open\src\hotspot\share\interpreter\linkResolver.cpp, line 773]
Event: 1.731 Thread 0x000001f77f733f50 Exception <a 'java/lang/NoSuchMethodError'{0x000000008863ef58}: 'java.lang.Object java.lang.invoke.DirectMethodHandle$Holder.invokeStaticInit(java.lang.Object, int, int, int, int)'> (0x000000008863ef58) 
thrown [s\open\src\hotspot\share\interpreter\linkResolver.cpp, line 773]
Event: 1.831 Thread 0x000001f77f733f50 Implicit null exception at 0x000001f71129eb24 to 0x000001f71129f1bc
Event: 1.831 Thread 0x000001f77f733f50 Implicit null exception at 0x000001f7112979a0 to 0x000001f71129803c
Event: 1.865 Thread 0x000001f77f733f50 Exception <a 'java/lang/NoSuchMethodError'{0x00000000881dc608}: 'void java.lang.invoke.DirectMethodHandle$Holder.invokeSpecial(java.lang.Object, java.lang.Object, java.lang.Object, java.lang.Object, java.lang.Object)'> (0x00000000881dc608) 
thrown [s\open\src\hotspot\share\interpreter\linkResolver.cpp, line 773]
Event: 1.868 Thread 0x000001f77f733f50 Exception <a 'java/lang/NoSuchMethodError'{0x00000000881f24e8}: 'void java.lang.invoke.DirectMethodHandle$Holder.invokeSpecial(java.lang.Object, java.lang.Object, java.lang.Object, java.lang.Object, java.lang.Object, java.lang.Object)'> (0x00000000881f24e8) 
thrown [s\open\src\hotspot\share\interpreter\linkResolver.cpp, line 773]
Event: 1.885 Thread 0x000001f77f733f50 Exception <a 'java/lang/NoSuchMethodError'{0x00000000880e76c0}: 'java.lang.Object java.lang.invoke.DirectMethodHandle$Holder.invokeVirtual(java.lang.Object, java.lang.Object, java.lang.Object)'> (0x00000000880e76c0) 
thrown [s\open\src\hotspot\share\interpreter\linkResolver.cpp, line 773]
Event: 1.927 Thread 0x000001f77f733f50 Exception <a 'java/lang/NoSuchMethodError'{0x0000000087e52d40}: 'void java.lang.invoke.DirectMethodHandle$Holder.invokeVirtual(java.lang.Object, java.lang.Object, int)'> (0x0000000087e52d40) 
thrown [s\open\src\hotspot\share\interpreter\linkResolver.cpp, line 773]
Event: 1.927 Thread 0x000001f77f733f50 Exception <a 'java/lang/NoSuchMethodError'{0x0000000087e56ae0}: 'void java.lang.invoke.DirectMethodHandle$Holder.invokeSpecial(java.lang.Object, java.lang.Object, java.lang.Object, int)'> (0x0000000087e56ae0) 
thrown [s\open\src\hotspot\share\interpreter\linkResolver.cpp, line 773]
Event: 1.927 Thread 0x000001f77f733f50 Exception <a 'java/lang/NoSuchMethodError'{0x0000000087e5a1a0}: 'void java.lang.invoke.DelegatingMethodHandle$Holder.reinvoke_L(java.lang.Object, java.lang.Object, int)'> (0x0000000087e5a1a0) 
thrown [s\open\src\hotspot\share\interpreter\linkResolver.cpp, line 773]

ZGC Phase Switch (0 events):
No events

VM Operations (20 events):
Event: 1.610 Executing VM operation: ICBufferFull
Event: 1.610 Executing VM operation: ICBufferFull done
Event: 1.622 Executing VM operation: HandshakeAllThreads (Deoptimize)
Event: 1.622 Executing VM operation: HandshakeAllThreads (Deoptimize) done
Event: 1.705 Executing VM operation: HandshakeAllThreads (Deoptimize)
Event: 1.705 Executing VM operation: HandshakeAllThreads (Deoptimize) done
Event: 1.741 Executing VM operation: HandshakeAllThreads (Deoptimize)
Event: 1.741 Executing VM operation: HandshakeAllThreads (Deoptimize) done
Event: 1.764 Executing VM operation: HandshakeAllThreads (Deoptimize)
Event: 1.764 Executing VM operation: HandshakeAllThreads (Deoptimize) done
Event: 1.805 Executing VM operation: HandshakeAllThreads (Deoptimize)
Event: 1.805 Executing VM operation: HandshakeAllThreads (Deoptimize) done
Event: 1.926 Executing VM operation: ICBufferFull
Event: 1.926 Executing VM operation: ICBufferFull done
Event: 2.371 Executing VM operation: ICBufferFull
Event: 2.371 Executing VM operation: ICBufferFull done
Event: 2.756 Executing VM operation: ICBufferFull
Event: 2.756 Executing VM operation: ICBufferFull done
Event: 2.990 Executing VM operation: G1CollectForAllocation (G1 Evacuation Pause)
Event: 3.001 Executing VM operation: G1CollectForAllocation (G1 Evacuation Pause) done

Events (16 events):
Event: 0.024 Thread 0x000001f77f733f50 Thread added: 0x000001f77f733f50
Event: 0.039 Thread 0x000001f71e21d490 Thread added: 0x000001f71e21d490
Event: 0.040 Thread 0x000001f71e21f3c0 Thread added: 0x000001f71e21f3c0
Event: 0.040 Thread 0x000001f71e223300 Thread added: 0x000001f71e223300
Event: 0.040 Thread 0x000001f71e224ea0 Thread added: 0x000001f71e224ea0
Event: 0.040 Thread 0x000001f71e226270 Thread added: 0x000001f71e226270
Event: 0.040 Thread 0x000001f71e228df0 Thread added: 0x000001f71e228df0
Event: 0.040 Thread 0x000001f71e234a70 Thread added: 0x000001f71e234a70
Event: 0.040 Thread 0x000001f71e238ce0 Thread added: 0x000001f71e238ce0
Event: 0.055 Thread 0x000001f71e228760 Thread added: 0x000001f71e228760
Event: 0.057 Thread 0x000001f71e229480 Thread added: 0x000001f71e229480
Event: 0.296 Thread 0x000001f71e227a40 Thread added: 0x000001f71e227a40
Event: 0.304 Thread 0x000001f71e227a40 Thread exited: 0x000001f71e227a40
Event: 0.495 Thread 0x000001f71eaf3670 Thread added: 0x000001f71eaf3670
Event: 0.755 Thread 0x000001f764079e40 Thread added: 0x000001f764079e40
Event: 1.778 Thread 0x000001f71e2273b0 Thread added: 0x000001f71e2273b0


Dynamic libraries:
0x00007ff65f890000 - 0x00007ff65f8a0000 	C:\Program Files\Java\jdk-21\bin\java.exe
0x00007ff90db30000 - 0x00007ff90dd47000 	C:\WINDOWS\SYSTEM32\ntdll.dll
0x00007ff90c840000 - 0x00007ff90c904000 	C:\WINDOWS\System32\KERNEL32.DLL
0x00007ff90b110000 - 0x00007ff90b4e2000 	C:\WINDOWS\System32\KERNELBASE.dll
0x00007ff90b6a0000 - 0x00007ff90b7b1000 	C:\WINDOWS\System32\ucrtbase.dll
0x00007ff8fad30000 - 0x00007ff8fad49000 	C:\Program Files\Java\jdk-21\bin\jli.dll
0x00007ff90da30000 - 0x00007ff90dae1000 	C:\WINDOWS\System32\ADVAPI32.dll
0x00007ff90c4c0000 - 0x00007ff90c567000 	C:\WINDOWS\System32\msvcrt.dll
0x00007ff90c990000 - 0x00007ff90ca38000 	C:\WINDOWS\System32\sechost.dll
0x00007ff90ad90000 - 0x00007ff90adb8000 	C:\WINDOWS\System32\bcrypt.dll
0x00007ff90ca70000 - 0x00007ff90cb84000 	C:\WINDOWS\System32\RPCRT4.dll
0x00007ff8d65f0000 - 0x00007ff8d660b000 	C:\Program Files\Java\jdk-21\bin\VCRUNTIME140.dll
0x00007ff90c680000 - 0x00007ff90c831000 	C:\WINDOWS\System32\USER32.dll
0x00007ff90afa0000 - 0x00007ff90afc6000 	C:\WINDOWS\System32\win32u.dll
0x00007ff90c5e0000 - 0x00007ff90c609000 	C:\WINDOWS\System32\GDI32.dll
0x00007ff90b570000 - 0x00007ff90b693000 	C:\WINDOWS\System32\gdi32full.dll
0x00007ff90af00000 - 0x00007ff90af9a000 	C:\WINDOWS\System32\msvcp_win.dll
0x00007ff8f9400000 - 0x00007ff8f969b000 	C:\WINDOWS\WinSxS\amd64_microsoft.windows.common-controls_6595b64144ccf1df_6.0.22621.5415_none_270d77d17387d7da\COMCTL32.dll
0x00007ff903d40000 - 0x00007ff903d4a000 	C:\WINDOWS\SYSTEM32\VERSION.dll
0x00007ff90cb90000 - 0x00007ff90cbc1000 	C:\WINDOWS\System32\IMM32.DLL
0x00007ff8ea970000 - 0x00007ff8ea97c000 	C:\Program Files\Java\jdk-21\bin\vcruntime140_1.dll
0x00007ff86aa20000 - 0x00007ff86aaae000 	C:\Program Files\Java\jdk-21\bin\msvcp140.dll
0x00007ff85bfe0000 - 0x00007ff85ccf5000 	C:\Program Files\Java\jdk-21\bin\server\jvm.dll
0x00007ff90c910000 - 0x00007ff90c981000 	C:\WINDOWS\System32\WS2_32.dll
0x00007ff909aa0000 - 0x00007ff909aed000 	C:\WINDOWS\SYSTEM32\POWRPROF.dll
0x00007ff902fe0000 - 0x00007ff903014000 	C:\WINDOWS\SYSTEM32\WINMM.dll
0x00007ff909a80000 - 0x00007ff909a93000 	C:\WINDOWS\SYSTEM32\UMPDC.dll
0x00007ff909d40000 - 0x00007ff909d58000 	C:\WINDOWS\SYSTEM32\kernel.appcore.dll
0x00007ff8e7a60000 - 0x00007ff8e7a6a000 	C:\Program Files\Java\jdk-21\bin\jimage.dll
0x00007ff908840000 - 0x00007ff908a73000 	C:\WINDOWS\SYSTEM32\DBGHELP.DLL
0x00007ff90d690000 - 0x00007ff90da23000 	C:\WINDOWS\System32\combase.dll
0x00007ff90b7c0000 - 0x00007ff90b897000 	C:\WINDOWS\System32\OLEAUT32.dll
0x00007ff8f7780000 - 0x00007ff8f77b2000 	C:\WINDOWS\SYSTEM32\dbgcore.DLL
0x00007ff90b4f0000 - 0x00007ff90b56b000 	C:\WINDOWS\System32\bcryptPrimitives.dll
0x00007ff8ce880000 - 0x00007ff8ce89f000 	C:\Program Files\Java\jdk-21\bin\java.dll
0x00007ff90bac0000 - 0x00007ff90c362000 	C:\WINDOWS\System32\SHELL32.dll
0x00007ff90adc0000 - 0x00007ff90aeff000 	C:\WINDOWS\System32\wintypes.dll
0x00007ff908b60000 - 0x00007ff90947e000 	C:\WINDOWS\SYSTEM32\windows.storage.dll
0x00007ff90d050000 - 0x00007ff90d15b000 	C:\WINDOWS\System32\SHCORE.dll
0x00007ff90c380000 - 0x00007ff90c3e9000 	C:\WINDOWS\System32\shlwapi.dll
0x00007ff90ab50000 - 0x00007ff90ab7b000 	C:\WINDOWS\SYSTEM32\profapi.dll
0x00007ff86be00000 - 0x00007ff86bed7000 	C:\Program Files\Java\jdk-21\bin\jsvml.dll
0x00007ff8e4e50000 - 0x00007ff8e4e60000 	C:\Program Files\Java\jdk-21\bin\net.dll
0x00007ff902e70000 - 0x00007ff902f9c000 	C:\WINDOWS\SYSTEM32\WINHTTP.dll
0x00007ff90a1c0000 - 0x00007ff90a229000 	C:\WINDOWS\system32\mswsock.dll
0x00007ff8c9e40000 - 0x00007ff8c9e56000 	C:\Program Files\Java\jdk-21\bin\nio.dll
0x00007ff8b2870000 - 0x00007ff8b2888000 	C:\Program Files\Java\jdk-21\bin\zip.dll
0x00007ff8faa40000 - 0x00007ff8faa64000 	C:\Users\akshi\Downloads\apache-maven-3.9.10-bin\apache-maven-3.9.10\lib\jansi-native\Windows\x86_64\jansi.dll
0x00007ff8e21d0000 - 0x00007ff8e21e0000 	C:\Program Files\Java\jdk-21\bin\verify.dll

dbghelp: loaded successfully - version: 4.0.5 - missing functions: none
symbol engine: initialized successfully - sym options: 0x614 - pdb path: .;C:\Program Files\Java\jdk-21\bin;C:\WINDOWS\SYSTEM32;C:\WINDOWS\WinSxS\amd64_microsoft.windows.common-controls_6595b64144ccf1df_6.0.22621.5415_none_270d77d17387d7da;C:\Program Files\Java\jdk-21\bin\server;C:\Users\akshi\Downloads\apache-maven-3.9.10-bin\apache-maven-3.9.10\lib\jansi-native\Windows\x86_64

VM Arguments:
jvm_args: --enable-native-access=ALL-UNNAMED -Dclassworlds.conf=C:\Users\akshi\Downloads\apache-maven-3.9.10-bin\apache-maven-3.9.10\bin\m2.conf -Dmaven.home=C:\Users\akshi\Downloads\apache-maven-3.9.10-bin\apache-maven-3.9.10 -Dlibrary.jansi.path=C:\Users\akshi\Downloads\apache-maven-3.9.10-bin\apache-maven-3.9.10\lib\jansi-native -Dmaven.multiModuleProjectDirectory=C:\Users\akshi\OneDrive\Documents\Antra\Project\fileupload-backend 
java_command: org.codehaus.plexus.classworlds.launcher.Launcher clean package
java_class_path (initial): C:\Users\akshi\Downloads\apache-maven-3.9.10-bin\apache-maven-3.9.10\boot\plexus-classworlds-2.9.0.jar
Launcher Type: SUN_STANDARD

[Global flags]
     intx CICompilerCount                          = 4                                         {product} {ergonomic}
     uint ConcGCThreads                            = 2                                         {product} {ergonomic}
     uint G1ConcRefinementThreads                  = 8                                         {product} {ergonomic}
   size_t G1HeapRegionSize                         = 1048576                                   {product} {ergonomic}
    uintx GCDrainStackTargetSize                   = 64                                        {product} {ergonomic}
   size_t InitialHeapSize                          = 134217728                                 {product} {ergonomic}
   size_t MarkStackSize                            = 4194304                                   {product} {ergonomic}
   size_t MaxHeapSize                              = 2124414976                                {product} {ergonomic}
   size_t MaxNewSize                               = 1274019840                                {product} {ergonomic}
   size_t MinHeapDeltaBytes                        = 1048576                                   {product} {ergonomic}
   size_t MinHeapSize                              = 8388608                                   {product} {ergonomic}
    uintx NonNMethodCodeHeapSize                   = 5839372                                {pd product} {ergonomic}
    uintx NonProfiledCodeHeapSize                  = 122909434                              {pd product} {ergonomic}
    uintx ProfiledCodeHeapSize                     = 122909434                              {pd product} {ergonomic}
    uintx ReservedCodeCacheSize                    = 251658240                              {pd product} {ergonomic}
     bool SegmentedCodeCache                       = true                                      {product} {ergonomic}
   size_t SoftMaxHeapSize                          = 2124414976                             {manageable} {ergonomic}
     bool UseCompressedOops                        = true                           {product lp64_product} {ergonomic}
     bool UseG1GC                                  = true                                      {product} {ergonomic}
     bool UseLargePagesIndividualAllocation        = false                                  {pd product} {ergonomic}

Logging:
Log output configuration:
 #0: stdout all=warning uptime,level,tags foldmultilines=false
 #1: stderr all=off uptime,level,tags foldmultilines=false

Environment Variables:
JAVA_HOME=C:\Program Files\Java\jdk-21
PATH=C:\Users\akshi\Downloads\openssl-3.3.0-beta1\bin;C:\Program Files\Common Files\Oracle\Java\javapath;C:\Program Files (x86)\Intel\Intel(R) Management Engine Components\iCLS\;C:\Program Files\Intel\Intel(R) Management Engine Components\iCLS\;C:\WINDOWS\system32;C:\WINDOWS;C:\WINDOWS\System32\Wbem;C:\WINDOWS\System32\WindowsPowerShell\v1.0\;C:\Program Files (x86)\Intel\Intel(R) Management Engine Components\DAL;C:\Program Files\Intel\Intel(R) Management Engine Components\DAL;C:\Program Files (x86)\Intel\Intel(R) Management Engine Components\IPT;C:\Program Files\Intel\Intel(R) Management Engine Components\IPT;C:\WINDOWS\System32\OpenSSH\;C:\Program Files\Java\jdk-21\bin;C:\Program Files\Git\cmd;C:\Program Files\Git\mingw64\bin;C:\Program Files\Git\usr\bin;C:\Program Files\nodejs\;C:\ProgramData\chocolatey\bin;C:\Program Files\Java\jdk-21\bin;C:\Users\akshi\Downloads\apache-maven-3.9.10-bin\apache-maven-3.9.10\bin;C:\mongosh-2.3.2-win32-x64\bin;C:\Program Files (x86)\Bitvise SSH Client;C:\Users\akshi\scoop\shims;C:\Program Files\MySQL\MySQL Shell 8.0\bin\;C:\Users\akshi\AppData\Local\Microsoft\WindowsApps;C:\Program Files\MySQL\MySQL Server 8.1\bin;C:\Users\akshi\AppData\Local\Programs\Microsoft VS Code\bin
USERNAME=akshi
OS=Windows_NT
PROCESSOR_IDENTIFIER=Intel64 Family 6 Model 142 Stepping 10, GenuineIntel
TMP=C:\Users\akshi\AppData\Local\Temp
TEMP=C:\Users\akshi\AppData\Local\Temp




Periodic native trim disabled

---------------  S Y S T E M  ---------------

OS:
 Windows 11 , 64 bit Build 22621 (10.0.22621.5415)
OS uptime: 0 days 9:27 hours

CPU: total 8 (initial active 8) (4 cores per cpu, 2 threads per core) family 6 model 142 stepping 10 microcode 0xe0, cx8, cmov, fxsr, ht, mmx, 3dnowpref, sse, sse2, sse3, ssse3, sse4.1, sse4.2, popcnt, lzcnt, tsc, tscinvbit, avx, avx2, aes, erms, clmul, bmi1, bmi2, adx, fma, vzeroupper, clflush, clflushopt, rdtscp, f16c
Processor Information for all 8 processors :
  Max Mhz: 1801, Current Mhz: 1801, Mhz Limit: 1801

Memory: 4k page, system-wide physical 8101M (941M free)
TotalPageFile size 14253M (AvailPageFile size 8M)
current process WorkingSet (physical memory assigned to process): 183M, peak: 188M
current process commit charge ("private bytes"): 264M, peak: 268M

vm_info: Java HotSpot(TM) 64-Bit Server VM (21.0.1+12-LTS-29) for windows-amd64 JRE (21.0.1+12-LTS-29), built on 2023-10-05T13:27:09Z by "mach5one" with MS VC++ 17.1 (VS2022)

END.
